[2021-05-25T14:53:42.687] [DEBUG] cheese - login => username:admin,password:123456
[2021-05-25T14:53:42.688] [DEBUG] cheese - admin
[2021-05-25T14:53:42.703] [DEBUG] cheese - null
[2021-05-25T14:53:42.703] [DEBUG] cheese - null
[2022-07-31T17:17:23.839] [DEBUG] cheese - login => username:admin,password:123456
[2022-07-31T17:17:23.841] [DEBUG] cheese - admin
[2022-07-31T17:17:23.855] [DEBUG] cheese - null
[2022-07-31T17:17:23.855] [DEBUG] cheese - null
[2022-07-31T17:23:15.255] [DEBUG] cheese - login => username:admin,password:123456
[2022-07-31T17:23:15.257] [DEBUG] cheese - admin
[2022-07-31T17:23:15.267] [DEBUG] cheese - login => username:admin,password:123456
[2022-07-31T17:23:15.268] [DEBUG] cheese - admin
[2022-07-31T17:23:15.270] [DEBUG] cheese - login => username:admin,password:123456
[2022-07-31T17:23:15.270] [DEBUG] cheese - admin
[2022-07-31T17:23:15.272] [DEBUG] cheese - login => username:admin,password:123456
[2022-07-31T17:23:15.273] [DEBUG] cheese - admin
[2022-07-31T17:23:15.277] [DEBUG] cheese - login => username:admin,password:123456
[2022-07-31T17:23:15.277] [DEBUG] cheese - admin
[2022-07-31T17:23:15.279] [DEBUG] cheese - login => username:admin,password:123456
[2022-07-31T17:23:15.279] [DEBUG] cheese - admin
[2022-07-31T17:23:15.284] [DEBUG] cheese - null
[2022-07-31T17:23:15.285] [DEBUG] cheese - null
[2022-07-31T17:23:49.178] [DEBUG] cheese - login => username:admin,password:123456
[2022-07-31T17:23:49.179] [DEBUG] cheese - admin
[2022-07-31T17:23:49.187] [DEBUG] cheese - null
[2022-07-31T17:23:49.187] [DEBUG] cheese - null
[2022-07-31T17:25:29.437] [DEBUG] cheese - login => username:admin,password:123456
[2022-07-31T17:25:29.438] [DEBUG] cheese - admin
[2022-07-31T17:25:29.454] [DEBUG] cheese - null
[2022-07-31T17:25:29.455] [DEBUG] cheese - null
[2022-07-31T17:49:01.220] [DEBUG] cheese - login => username:admin,password:123456
[2022-07-31T17:49:01.222] [DEBUG] cheese - admin
[2022-07-31T17:49:01.230] [DEBUG] cheese - null
[2022-07-31T17:49:01.230] [DEBUG] cheese - null
